<?xml version="1.0" encoding="UTF-8" ?>
<testsuite tests="21" failures="0" name="ISO2_2021.Testing_P3.MC_DCTest" time="0.037" errors="0" skipped="0">
  <properties>
[...]
</properties>
  <testcase classname="ISO2_2021.Testing_P3.MC_DCTest" name="testing[0]" time="0.002"/>
  <testcase classname="ISO2_2021.Testing_P3.MC_DCTest" name="testing[1]" time="0.002"/>
  <testcase classname="ISO2_2021.Testing_P3.MC_DCTest" name="testing[2]" time="0.001"/>
  <testcase classname="ISO2_2021.Testing_P3.MC_DCTest" name="testing[3]" time="0.001"/>
  <testcase classname="ISO2_2021.Testing_P3.MC_DCTest" name="testing[4]" time="0.002"/>
  <testcase classname="ISO2_2021.Testing_P3.MC_DCTest" name="testing[5]" time="0.001"/>
  <testcase classname="ISO2_2021.Testing_P3.MC_DCTest" name="testing[6]" time="0.001"/>
  <testcase classname="ISO2_2021.Testing_P3.MC_DCTest" name="testing[7]" time="0.005"/>
  <testcase classname="ISO2_2021.Testing_P3.MC_DCTest" name="testing[8]" time="0.003"/>
  <testcase classname="ISO2_2021.Testing_P3.MC_DCTest" name="testing[9]" time="0.002"/>
  <testcase classname="ISO2_2021.Testing_P3.MC_DCTest" name="testing[10]" time="0.001"/>
  <testcase classname="ISO2_2021.Testing_P3.MC_DCTest" name="testing[11]" time="0.002"/>
  <testcase classname="ISO2_2021.Testing_P3.MC_DCTest" name="testing[12]" time="0.001"/>
  <testcase classname="ISO2_2021.Testing_P3.MC_DCTest" name="testing[13]" time="0.001"/>
  <testcase classname="ISO2_2021.Testing_P3.MC_DCTest" name="testing[14]" time="0.001"/>
  <testcase classname="ISO2_2021.Testing_P3.MC_DCTest" name="testing[15]" time="0.003"/>
  <testcase classname="ISO2_2021.Testing_P3.MC_DCTest" name="testing[16]" time="0.004"/>
  <testcase classname="ISO2_2021.Testing_P3.MC_DCTest" name="testing[17]" time="0.001"/>
  <testcase classname="ISO2_2021.Testing_P3.MC_DCTest" name="testing[18]" time="0.001"/>
  <testcase classname="ISO2_2021.Testing_P3.MC_DCTest" name="testing[19]" time="0.001"/>
  <testcase classname="ISO2_2021.Testing_P3.MC_DCTest" name="testing[20]" time="0.001"/>
</testsuite>